<?xml version="1.0" encoding="UTF-8"?>
<!-- Generated by org.testng.reporters.JUnitReportReporter -->
<testsuite hostname="LAPTOP-DCH1U2PQ" failures="0" tests="1" name="com.nithin.tests.LoginPageTest" time="4.625" errors="0" timestamp="2025-06-21T17:20:40 IST" skipped="0">
  <testcase classname="com.nithin.tests.LoginPageTest" name="test1" time="4.625"/>
</testsuite> <!-- com.nithin.tests.LoginPageTest -->
